0 info it worked if it ends with ok
1 verbose cli [ '/usr/local/Cellar/node/7.5.0/bin/node',
1 verbose cli   '/usr/local/bin/npm',
1 verbose cli   'run',
1 verbose cli   'demo' ]
2 info using npm@4.1.2
3 info using node@v7.5.0
4 verbose run-script [ 'predemo', 'demo', 'postdemo' ]
5 info lifecycle firebaseui@0.0.0~predemo: firebaseui@0.0.0
6 silly lifecycle firebaseui@0.0.0~predemo: no script for predemo, continuing
7 info lifecycle firebaseui@0.0.0~demo: firebaseui@0.0.0
8 verbose lifecycle firebaseui@0.0.0~demo: unsafe-perm in lifecycle true
9 verbose lifecycle firebaseui@0.0.0~demo: PATH: /usr/local/lib/node_modules/npm/bin/node-gyp-bin:/Users/jeanmariemartinkomacpro/Github/firebaseui-web/node_modules/.bin:/usr/local/bin:/usr/bin:/bin:/usr/sbin:/sbin:/usr/local/MacGPG2/bin
10 verbose lifecycle firebaseui@0.0.0~demo: CWD: /Users/jeanmariemartinkomacpro/Github/firebaseui-web
11 silly lifecycle firebaseui@0.0.0~demo: Args: [ '-c', 'npm run build && ./buildtools/run_demo.sh' ]
12 silly lifecycle firebaseui@0.0.0~demo: Returned: code: 1  signal: null
13 info lifecycle firebaseui@0.0.0~demo: Failed to exec demo script
14 verbose stack Error: firebaseui@0.0.0 demo: `npm run build && ./buildtools/run_demo.sh`
14 verbose stack Exit status 1
14 verbose stack     at EventEmitter.<anonymous> (/usr/local/lib/node_modules/npm/lib/utils/lifecycle.js:279:16)
14 verbose stack     at emitTwo (events.js:106:13)
14 verbose stack     at EventEmitter.emit (events.js:192:7)
14 verbose stack     at ChildProcess.<anonymous> (/usr/local/lib/node_modules/npm/lib/utils/spawn.js:40:14)
14 verbose stack     at emitTwo (events.js:106:13)
14 verbose stack     at ChildProcess.emit (events.js:192:7)
14 verbose stack     at maybeClose (internal/child_process.js:890:16)
14 verbose stack     at Process.ChildProcess._handle.onexit (internal/child_process.js:226:5)
15 verbose pkgid firebaseui@0.0.0
16 verbose cwd /Users/jeanmariemartinkomacpro/Github/firebaseui-web
17 error Darwin 16.4.0
18 error argv "/usr/local/Cellar/node/7.5.0/bin/node" "/usr/local/bin/npm" "run" "demo"
19 error node v7.5.0
20 error npm  v4.1.2
21 error code ELIFECYCLE
22 error firebaseui@0.0.0 demo: `npm run build && ./buildtools/run_demo.sh`
22 error Exit status 1
23 error Failed at the firebaseui@0.0.0 demo script 'npm run build && ./buildtools/run_demo.sh'.
23 error Make sure you have the latest version of node.js and npm installed.
23 error If you do, this is most likely a problem with the firebaseui package,
23 error not with npm itself.
23 error Tell the author that this fails on your system:
23 error     npm run build && ./buildtools/run_demo.sh
23 error You can get information on how to open an issue for this project with:
23 error     npm bugs firebaseui
23 error Or if that isn't available, you can get their info via:
23 error     npm owner ls firebaseui
23 error There is likely additional logging output above.
24 verbose exit [ 1, true ]
